<?xml version="1.0" encoding="UTF-8"?>
<testsuite xmlns:xsi="http://www.w3.org/2001/XMLSchema-instance" xsi:noNamespaceSchemaLocation="https://maven.apache.org/surefire/maven-surefire-plugin/xsd/surefire-test-report.xsd" name="com.skoiy.AppTest" time="0.019" tests="1" errors="0" skipped="0" failures="0">
  <properties>
    <property name="sun.desktop" value="gnome"/>
    <property name="awt.toolkit" value="sun.awt.X11.XToolkit"/>
    <property name="java.specification.version" value="11"/>
    <property name="sun.cpu.isalist" value=""/>
    <property name="sun.jnu.encoding" value="UTF-8"/>
    <property name="java.class.path" value="/home/bruno/lab/_experiments/kong-playground/keycloak/extensions/custom-user-storage-provider/target/test-classes:/home/bruno/lab/_experiments/kong-playground/keycloak/extensions/custom-user-storage-provider/target/classes:/home/bruno/.m2/repository/junit/junit/4.11/junit-4.11.jar:/home/bruno/.m2/repository/org/hamcrest/hamcrest-core/1.3/hamcrest-core-1.3.jar:/home/bruno/.m2/repository/org/keycloak/keycloak-core/18.0.0/keycloak-core-18.0.0.jar:/home/bruno/.m2/repository/org/keycloak/keycloak-common/18.0.0/keycloak-common-18.0.0.jar:/home/bruno/.m2/repository/com/sun/activation/jakarta.activation/1.2.2/jakarta.activation-1.2.2.jar:/home/bruno/.m2/repository/org/bouncycastle/bcprov-jdk15on/1.68/bcprov-jdk15on-1.68.jar:/home/bruno/.m2/repository/org/bouncycastle/bcpkix-jdk15on/1.68/bcpkix-jdk15on-1.68.jar:/home/bruno/.m2/repository/com/fasterxml/jackson/core/jackson-core/2.12.1/jackson-core-2.12.1.jar:/home/bruno/.m2/repository/com/fasterxml/jackson/core/jackson-databind/2.12.6.1/jackson-databind-2.12.6.1.jar:/home/bruno/.m2/repository/org/keycloak/keycloak-server-spi/18.0.0/keycloak-server-spi-18.0.0.jar:/home/bruno/.m2/repository/org/keycloak/keycloak-server-spi-private/18.0.0/keycloak-server-spi-private-18.0.0.jar:/home/bruno/.m2/repository/com/github/ua-parser/uap-java/1.5.2/uap-java-1.5.2.jar:/home/bruno/.m2/repository/org/yaml/snakeyaml/1.26/snakeyaml-1.26.jar:/home/bruno/.m2/repository/org/apache/commons/commons-collections4/4.1/commons-collections4-4.1.jar:/home/bruno/.m2/repository/org/keycloak/keycloak-services/18.0.0/keycloak-services-18.0.0.jar:/home/bruno/.m2/repository/com/sun/mail/jakarta.mail/1.6.5/jakarta.mail-1.6.5.jar:/home/bruno/.m2/repository/org/glassfish/jakarta.json/1.1.6/jakarta.json-1.1.6.jar:/home/bruno/.m2/repository/org/twitter4j/twitter4j-core/4.0.7/twitter4j-core-4.0.7.jar:/home/bruno/.m2/repository/org/jboss/logging/jboss-logging/3.4.1.Final/jboss-logging-3.4.1.Final.jar:/home/bruno/.m2/repository/org/jboss/spec/javax/ws/rs/jboss-jaxrs-api_2.1_spec/2.0.1.Final/jboss-jaxrs-api_2.1_spec-2.0.1.Final.jar:/home/bruno/.m2/repository/org/jboss/spec/javax/transaction/jboss-transaction-api_1.3_spec/2.0.0.Final/jboss-transaction-api_1.3_spec-2.0.0.Final.jar:/home/bruno/.m2/repository/org/jboss/resteasy/resteasy-multipart-provider/3.15.1.Final/resteasy-multipart-provider-3.15.1.Final.jar:/home/bruno/.m2/repository/org/jboss/resteasy/resteasy-jaxrs/3.15.1.Final/resteasy-jaxrs-3.15.1.Final.jar:/home/bruno/.m2/repository/org/jboss/spec/javax/xml/bind/jboss-jaxb-api_2.3_spec/2.0.1.Final/jboss-jaxb-api_2.3_spec-2.0.1.Final.jar:/home/bruno/.m2/repository/org/reactivestreams/reactive-streams/1.0.3/reactive-streams-1.0.3.jar:/home/bruno/.m2/repository/jakarta/validation/jakarta.validation-api/2.0.2/jakarta.validation-api-2.0.2.jar:/home/bruno/.m2/repository/org/jboss/spec/javax/annotation/jboss-annotations-api_1.3_spec/2.0.1.Final/jboss-annotations-api_1.3_spec-2.0.1.Final.jar:/home/bruno/.m2/repository/org/apache/httpcomponents/httpclient/4.5.13/httpclient-4.5.13.jar:/home/bruno/.m2/repository/org/apache/httpcomponents/httpcore/4.4.13/httpcore-4.4.13.jar:/home/bruno/.m2/repository/commons-logging/commons-logging/1.2/commons-logging-1.2.jar:/home/bruno/.m2/repository/com/github/stephenc/jcip/jcip-annotations/1.0-1/jcip-annotations-1.0-1.jar:/home/bruno/.m2/repository/org/jboss/resteasy/resteasy-client/3.15.1.Final/resteasy-client-3.15.1.Final.jar:/home/bruno/.m2/repository/org/jboss/resteasy/resteasy-jaxb-provider/3.15.1.Final/resteasy-jaxb-provider-3.15.1.Final.jar:/home/bruno/.m2/repository/org/glassfish/jaxb/jaxb-runtime/2.3.3-b02/jaxb-runtime-2.3.3-b02.jar:/home/bruno/.m2/repository/org/glassfish/jaxb/txw2/2.3.3-b02/txw2-2.3.3-b02.jar:/home/bruno/.m2/repository/com/sun/istack/istack-commons-runtime/3.0.10/istack-commons-runtime-3.0.10.jar:/home/bruno/.m2/repository/org/apache/james/apache-mime4j/0.6/apache-mime4j-0.6.jar:/home/bruno/.m2/repository/com/googlecode/owasp-java-html-sanitizer/owasp-java-html-sanitizer/20211018.2/owasp-java-html-sanitizer-20211018.2.jar:/home/bruno/.m2/repository/com/google/guava/guava/30.1-jre/guava-30.1-jre.jar:/home/bruno/.m2/repository/com/google/guava/failureaccess/1.0.1/failureaccess-1.0.1.jar:/home/bruno/.m2/repository/com/google/guava/listenablefuture/9999.0-empty-to-avoid-conflict-with-guava/listenablefuture-9999.0-empty-to-avoid-conflict-with-guava.jar:/home/bruno/.m2/repository/com/google/code/findbugs/jsr305/3.0.2/jsr305-3.0.2.jar:/home/bruno/.m2/repository/org/checkerframework/checker-qual/3.5.0/checker-qual-3.5.0.jar:/home/bruno/.m2/repository/com/google/errorprone/error_prone_annotations/2.3.4/error_prone_annotations-2.3.4.jar:/home/bruno/.m2/repository/com/google/j2objc/j2objc-annotations/1.3/j2objc-annotations-1.3.jar:/home/bruno/.m2/repository/com/fasterxml/jackson/core/jackson-annotations/2.12.1/jackson-annotations-2.12.1.jar:/home/bruno/.m2/repository/com/fasterxml/jackson/datatype/jackson-datatype-jdk8/2.12.1/jackson-datatype-jdk8-2.12.1.jar:/home/bruno/.m2/repository/com/google/zxing/javase/3.4.0/javase-3.4.0.jar:/home/bruno/.m2/repository/com/google/zxing/core/3.4.0/core-3.4.0.jar:/home/bruno/.m2/repository/com/github/jai-imageio/jai-imageio-core/1.4.0/jai-imageio-core-1.4.0.jar:/home/bruno/.m2/repository/com/openshift/openshift-restclient-java/8.0.0.Final/openshift-restclient-java-8.0.0.Final.jar:/home/bruno/.m2/repository/com/squareup/okhttp3/okhttp/3.14.2/okhttp-3.14.2.jar:/home/bruno/.m2/repository/com/squareup/okio/okio/1.17.2/okio-1.17.2.jar:/home/bruno/.m2/repository/org/jboss/jboss-dmr/1.3.0.Final/jboss-dmr-1.3.0.Final.jar:/home/bruno/.m2/repository/org/apache/commons/commons-compress/1.18/commons-compress-1.18.jar:/home/bruno/.m2/repository/commons-io/commons-io/2.1/commons-io-2.1.jar:/home/bruno/.m2/repository/org/slf4j/slf4j-log4j12/1.6.4/slf4j-log4j12-1.6.4.jar:/home/bruno/.m2/repository/log4j/log4j/1.2.16/log4j-1.2.16.jar:/home/bruno/.m2/repository/commons-codec/commons-codec/1.6/commons-codec-1.6.jar:/home/bruno/.m2/repository/commons-lang/commons-lang/2.6/commons-lang-2.6.jar:/home/bruno/.m2/repository/com/webauthn4j/webauthn4j-core/0.12.0.RELEASE/webauthn4j-core-0.12.0.RELEASE.jar:/home/bruno/.m2/repository/com/webauthn4j/webauthn4j-util/0.12.0.RELEASE/webauthn4j-util-0.12.0.RELEASE.jar:/home/bruno/.m2/repository/org/apache/kerby/kerby-asn1/2.0.0/kerby-asn1-2.0.0.jar:/home/bruno/.m2/repository/com/fasterxml/jackson/dataformat/jackson-dataformat-cbor/2.11.0/jackson-dataformat-cbor-2.11.0.jar:/home/bruno/.m2/repository/org/projectlombok/lombok/1.18.24/lombok-1.18.24.jar:/home/bruno/.m2/repository/org/slf4j/slf4j-api/1.7.36/slf4j-api-1.7.36.jar:"/>
    <property name="java.vm.vendor" value="Private Build"/>
    <property name="sun.arch.data.model" value="64"/>
    <property name="java.vendor.url" value="Unknown"/>
    <property name="user.timezone" value=""/>
    <property name="user.country.format" value="PT"/>
    <property name="java.vm.specification.version" value="11"/>
    <property name="os.name" value="Linux"/>
    <property name="sun.java.launcher" value="SUN_STANDARD"/>
    <property name="user.country" value="US"/>
    <property name="sun.boot.library.path" value="/usr/lib/jvm/java-11-openjdk-amd64/lib"/>
    <property name="sun.java.command" value="/home/bruno/lab/_experiments/kong-playground/keycloak/extensions/custom-user-storage-provider/target/surefire/surefirebooter18285081949721050793.jar /home/bruno/lab/_experiments/kong-playground/keycloak/extensions/custom-user-storage-provider/target/surefire 2022-06-24T13-20-01_657-jvmRun1 surefire11502349741863121399tmp surefire_08599473531563599066tmp"/>
    <property name="jdk.debug" value="release"/>
    <property name="surefire.test.class.path" value="/home/bruno/lab/_experiments/kong-playground/keycloak/extensions/custom-user-storage-provider/target/test-classes:/home/bruno/lab/_experiments/kong-playground/keycloak/extensions/custom-user-storage-provider/target/classes:/home/bruno/.m2/repository/junit/junit/4.11/junit-4.11.jar:/home/bruno/.m2/repository/org/hamcrest/hamcrest-core/1.3/hamcrest-core-1.3.jar:/home/bruno/.m2/repository/org/keycloak/keycloak-core/18.0.0/keycloak-core-18.0.0.jar:/home/bruno/.m2/repository/org/keycloak/keycloak-common/18.0.0/keycloak-common-18.0.0.jar:/home/bruno/.m2/repository/com/sun/activation/jakarta.activation/1.2.2/jakarta.activation-1.2.2.jar:/home/bruno/.m2/repository/org/bouncycastle/bcprov-jdk15on/1.68/bcprov-jdk15on-1.68.jar:/home/bruno/.m2/repository/org/bouncycastle/bcpkix-jdk15on/1.68/bcpkix-jdk15on-1.68.jar:/home/bruno/.m2/repository/com/fasterxml/jackson/core/jackson-core/2.12.1/jackson-core-2.12.1.jar:/home/bruno/.m2/repository/com/fasterxml/jackson/core/jackson-databind/2.12.6.1/jackson-databind-2.12.6.1.jar:/home/bruno/.m2/repository/org/keycloak/keycloak-server-spi/18.0.0/keycloak-server-spi-18.0.0.jar:/home/bruno/.m2/repository/org/keycloak/keycloak-server-spi-private/18.0.0/keycloak-server-spi-private-18.0.0.jar:/home/bruno/.m2/repository/com/github/ua-parser/uap-java/1.5.2/uap-java-1.5.2.jar:/home/bruno/.m2/repository/org/yaml/snakeyaml/1.26/snakeyaml-1.26.jar:/home/bruno/.m2/repository/org/apache/commons/commons-collections4/4.1/commons-collections4-4.1.jar:/home/bruno/.m2/repository/org/keycloak/keycloak-services/18.0.0/keycloak-services-18.0.0.jar:/home/bruno/.m2/repository/com/sun/mail/jakarta.mail/1.6.5/jakarta.mail-1.6.5.jar:/home/bruno/.m2/repository/org/glassfish/jakarta.json/1.1.6/jakarta.json-1.1.6.jar:/home/bruno/.m2/repository/org/twitter4j/twitter4j-core/4.0.7/twitter4j-core-4.0.7.jar:/home/bruno/.m2/repository/org/jboss/logging/jboss-logging/3.4.1.Final/jboss-logging-3.4.1.Final.jar:/home/bruno/.m2/repository/org/jboss/spec/javax/ws/rs/jboss-jaxrs-api_2.1_spec/2.0.1.Final/jboss-jaxrs-api_2.1_spec-2.0.1.Final.jar:/home/bruno/.m2/repository/org/jboss/spec/javax/transaction/jboss-transaction-api_1.3_spec/2.0.0.Final/jboss-transaction-api_1.3_spec-2.0.0.Final.jar:/home/bruno/.m2/repository/org/jboss/resteasy/resteasy-multipart-provider/3.15.1.Final/resteasy-multipart-provider-3.15.1.Final.jar:/home/bruno/.m2/repository/org/jboss/resteasy/resteasy-jaxrs/3.15.1.Final/resteasy-jaxrs-3.15.1.Final.jar:/home/bruno/.m2/repository/org/jboss/spec/javax/xml/bind/jboss-jaxb-api_2.3_spec/2.0.1.Final/jboss-jaxb-api_2.3_spec-2.0.1.Final.jar:/home/bruno/.m2/repository/org/reactivestreams/reactive-streams/1.0.3/reactive-streams-1.0.3.jar:/home/bruno/.m2/repository/jakarta/validation/jakarta.validation-api/2.0.2/jakarta.validation-api-2.0.2.jar:/home/bruno/.m2/repository/org/jboss/spec/javax/annotation/jboss-annotations-api_1.3_spec/2.0.1.Final/jboss-annotations-api_1.3_spec-2.0.1.Final.jar:/home/bruno/.m2/repository/org/apache/httpcomponents/httpclient/4.5.13/httpclient-4.5.13.jar:/home/bruno/.m2/repository/org/apache/httpcomponents/httpcore/4.4.13/httpcore-4.4.13.jar:/home/bruno/.m2/repository/commons-logging/commons-logging/1.2/commons-logging-1.2.jar:/home/bruno/.m2/repository/com/github/stephenc/jcip/jcip-annotations/1.0-1/jcip-annotations-1.0-1.jar:/home/bruno/.m2/repository/org/jboss/resteasy/resteasy-client/3.15.1.Final/resteasy-client-3.15.1.Final.jar:/home/bruno/.m2/repository/org/jboss/resteasy/resteasy-jaxb-provider/3.15.1.Final/resteasy-jaxb-provider-3.15.1.Final.jar:/home/bruno/.m2/repository/org/glassfish/jaxb/jaxb-runtime/2.3.3-b02/jaxb-runtime-2.3.3-b02.jar:/home/bruno/.m2/repository/org/glassfish/jaxb/txw2/2.3.3-b02/txw2-2.3.3-b02.jar:/home/bruno/.m2/repository/com/sun/istack/istack-commons-runtime/3.0.10/istack-commons-runtime-3.0.10.jar:/home/bruno/.m2/repository/org/apache/james/apache-mime4j/0.6/apache-mime4j-0.6.jar:/home/bruno/.m2/repository/com/googlecode/owasp-java-html-sanitizer/owasp-java-html-sanitizer/20211018.2/owasp-java-html-sanitizer-20211018.2.jar:/home/bruno/.m2/repository/com/google/guava/guava/30.1-jre/guava-30.1-jre.jar:/home/bruno/.m2/repository/com/google/guava/failureaccess/1.0.1/failureaccess-1.0.1.jar:/home/bruno/.m2/repository/com/google/guava/listenablefuture/9999.0-empty-to-avoid-conflict-with-guava/listenablefuture-9999.0-empty-to-avoid-conflict-with-guava.jar:/home/bruno/.m2/repository/com/google/code/findbugs/jsr305/3.0.2/jsr305-3.0.2.jar:/home/bruno/.m2/repository/org/checkerframework/checker-qual/3.5.0/checker-qual-3.5.0.jar:/home/bruno/.m2/repository/com/google/errorprone/error_prone_annotations/2.3.4/error_prone_annotations-2.3.4.jar:/home/bruno/.m2/repository/com/google/j2objc/j2objc-annotations/1.3/j2objc-annotations-1.3.jar:/home/bruno/.m2/repository/com/fasterxml/jackson/core/jackson-annotations/2.12.1/jackson-annotations-2.12.1.jar:/home/bruno/.m2/repository/com/fasterxml/jackson/datatype/jackson-datatype-jdk8/2.12.1/jackson-datatype-jdk8-2.12.1.jar:/home/bruno/.m2/repository/com/google/zxing/javase/3.4.0/javase-3.4.0.jar:/home/bruno/.m2/repository/com/google/zxing/core/3.4.0/core-3.4.0.jar:/home/bruno/.m2/repository/com/github/jai-imageio/jai-imageio-core/1.4.0/jai-imageio-core-1.4.0.jar:/home/bruno/.m2/repository/com/openshift/openshift-restclient-java/8.0.0.Final/openshift-restclient-java-8.0.0.Final.jar:/home/bruno/.m2/repository/com/squareup/okhttp3/okhttp/3.14.2/okhttp-3.14.2.jar:/home/bruno/.m2/repository/com/squareup/okio/okio/1.17.2/okio-1.17.2.jar:/home/bruno/.m2/repository/org/jboss/jboss-dmr/1.3.0.Final/jboss-dmr-1.3.0.Final.jar:/home/bruno/.m2/repository/org/apache/commons/commons-compress/1.18/commons-compress-1.18.jar:/home/bruno/.m2/repository/commons-io/commons-io/2.1/commons-io-2.1.jar:/home/bruno/.m2/repository/org/slf4j/slf4j-log4j12/1.6.4/slf4j-log4j12-1.6.4.jar:/home/bruno/.m2/repository/log4j/log4j/1.2.16/log4j-1.2.16.jar:/home/bruno/.m2/repository/commons-codec/commons-codec/1.6/commons-codec-1.6.jar:/home/bruno/.m2/repository/commons-lang/commons-lang/2.6/commons-lang-2.6.jar:/home/bruno/.m2/repository/com/webauthn4j/webauthn4j-core/0.12.0.RELEASE/webauthn4j-core-0.12.0.RELEASE.jar:/home/bruno/.m2/repository/com/webauthn4j/webauthn4j-util/0.12.0.RELEASE/webauthn4j-util-0.12.0.RELEASE.jar:/home/bruno/.m2/repository/org/apache/kerby/kerby-asn1/2.0.0/kerby-asn1-2.0.0.jar:/home/bruno/.m2/repository/com/fasterxml/jackson/dataformat/jackson-dataformat-cbor/2.11.0/jackson-dataformat-cbor-2.11.0.jar:/home/bruno/.m2/repository/org/projectlombok/lombok/1.18.24/lombok-1.18.24.jar:/home/bruno/.m2/repository/org/slf4j/slf4j-api/1.7.36/slf4j-api-1.7.36.jar:"/>
    <property name="sun.cpu.endian" value="little"/>
    <property name="user.home" value="/home/bruno"/>
    <property name="user.language" value="en"/>
    <property name="java.specification.vendor" value="Oracle Corporation"/>
    <property name="java.version.date" value="2022-04-19"/>
    <property name="java.home" value="/usr/lib/jvm/java-11-openjdk-amd64"/>
    <property name="file.separator" value="/"/>
    <property name="basedir" value="/home/bruno/lab/_experiments/kong-playground/keycloak/extensions/custom-user-storage-provider"/>
    <property name="java.vm.compressedOopsMode" value="Zero based"/>
    <property name="line.separator" value="&#10;"/>
    <property name="java.specification.name" value="Java Platform API Specification"/>
    <property name="java.vm.specification.vendor" value="Oracle Corporation"/>
    <property name="java.awt.graphicsenv" value="sun.awt.X11GraphicsEnvironment"/>
    <property name="surefire.real.class.path" value="/home/bruno/lab/_experiments/kong-playground/keycloak/extensions/custom-user-storage-provider/target/surefire/surefirebooter18285081949721050793.jar"/>
    <property name="sun.management.compiler" value="HotSpot 64-Bit Tiered Compilers"/>
    <property name="java.runtime.version" value="11.0.15+10-Ubuntu-0ubuntu0.20.04.1"/>
    <property name="user.name" value="bruno"/>
    <property name="path.separator" value=":"/>
    <property name="os.version" value="5.14.0-1042-oem"/>
    <property name="java.runtime.name" value="OpenJDK Runtime Environment"/>
    <property name="file.encoding" value="UTF-8"/>
    <property name="java.vm.name" value="OpenJDK 64-Bit Server VM"/>
    <property name="localRepository" value="/home/bruno/.m2/repository"/>
    <property name="java.vendor.url.bug" value="Unknown"/>
    <property name="java.io.tmpdir" value="/tmp"/>
    <property name="java.version" value="11.0.15"/>
    <property name="user.dir" value="/home/bruno/lab/_experiments/kong-playground/keycloak/extensions/custom-user-storage-provider"/>
    <property name="os.arch" value="amd64"/>
    <property name="java.vm.specification.name" value="Java Virtual Machine Specification"/>
    <property name="java.awt.printerjob" value="sun.print.PSPrinterJob"/>
    <property name="user.language.format" value="pt"/>
    <property name="sun.os.patch.level" value="unknown"/>
    <property name="java.library.path" value="/usr/java/packages/lib:/usr/lib/x86_64-linux-gnu/jni:/lib/x86_64-linux-gnu:/usr/lib/x86_64-linux-gnu:/usr/lib/jni:/lib:/usr/lib"/>
    <property name="java.vm.info" value="mixed mode, sharing"/>
    <property name="java.vendor" value="Private Build"/>
    <property name="java.vm.version" value="11.0.15+10-Ubuntu-0ubuntu0.20.04.1"/>
    <property name="sun.io.unicode.encoding" value="UnicodeLittle"/>
    <property name="java.class.version" value="55.0"/>
  </properties>
  <testcase name="shouldAnswerWithTrue" classname="com.skoiy.AppTest" time="0.001"/>
</testsuite>